c:\users\owner\desktop\c\게임 프로젝트\poketmon2\debug\vc141.pdb
c:\users\owner\desktop\c\게임 프로젝트\poketmon2\debug\vc141.idb
c:\users\owner\desktop\c\게임 프로젝트\poketmon2\debug\type.obj
c:\users\owner\desktop\c\게임 프로젝트\poketmon2\debug\test.obj
c:\users\owner\desktop\c\게임 프로젝트\poketmon2\debug\skill.obj
c:\users\owner\desktop\c\게임 프로젝트\poketmon2\debug\poketmon.obj
c:\users\owner\desktop\c\게임 프로젝트\poketmon2\debug\main.obj
c:\users\owner\desktop\c\게임 프로젝트\poketmon2\debug\trainer.obj
c:\users\owner\desktop\c\게임 프로젝트\poketmon2\debug\battle.obj
c:\users\owner\desktop\c\게임 프로젝트\poketmon2\debug\title.obj
c:\users\owner\desktop\c\게임 프로젝트\poketmon2\debug\poketmon2.exe
c:\users\owner\desktop\c\게임 프로젝트\poketmon2\debug\poketmon2.ilk
c:\users\owner\desktop\c\게임 프로젝트\poketmon2\debug\poketmon2.pdb
c:\users\owner\desktop\c\게임 프로젝트\poketmon2\debug\main.obj.enc
c:\users\owner\desktop\c\게임 프로젝트\poketmon2\debug\poketmon.obj.enc
c:\users\owner\desktop\c\게임 프로젝트\poketmon2\debug\skill.obj.enc
c:\users\owner\desktop\c\게임 프로젝트\poketmon2\debug\poketmon2.tlog\cl.command.1.tlog
c:\users\owner\desktop\c\게임 프로젝트\poketmon2\debug\poketmon2.tlog\cl.read.1.tlog
c:\users\owner\desktop\c\게임 프로젝트\poketmon2\debug\poketmon2.tlog\cl.write.1.tlog
c:\users\owner\desktop\c\게임 프로젝트\poketmon2\debug\poketmon2.tlog\link-cvtres.read.1.tlog
c:\users\owner\desktop\c\게임 프로젝트\poketmon2\debug\poketmon2.tlog\link-cvtres.write.1.tlog
c:\users\owner\desktop\c\게임 프로젝트\poketmon2\debug\poketmon2.tlog\link-rc.read.1.tlog
c:\users\owner\desktop\c\게임 프로젝트\poketmon2\debug\poketmon2.tlog\link-rc.write.1.tlog
c:\users\owner\desktop\c\게임 프로젝트\poketmon2\debug\poketmon2.tlog\link.13436-cvtres.read.1.tlog
c:\users\owner\desktop\c\게임 프로젝트\poketmon2\debug\poketmon2.tlog\link.13436-cvtres.write.1.tlog
c:\users\owner\desktop\c\게임 프로젝트\poketmon2\debug\poketmon2.tlog\link.13436-rc.read.1.tlog
c:\users\owner\desktop\c\게임 프로젝트\poketmon2\debug\poketmon2.tlog\link.13436-rc.write.1.tlog
c:\users\owner\desktop\c\게임 프로젝트\poketmon2\debug\poketmon2.tlog\link.13436.read.1.tlog
c:\users\owner\desktop\c\게임 프로젝트\poketmon2\debug\poketmon2.tlog\link.13436.write.1.tlog
c:\users\owner\desktop\c\게임 프로젝트\poketmon2\debug\poketmon2.tlog\link.command.1.tlog
c:\users\owner\desktop\c\게임 프로젝트\poketmon2\debug\poketmon2.tlog\link.read.1.tlog
c:\users\owner\desktop\c\게임 프로젝트\poketmon2\debug\poketmon2.tlog\link.write.1.tlog
